<?xml version="1.0" encoding="UTF-8"?>
<testng-results skipped="0" failed="0" ignored="0" total="1" passed="1">
  <reporter-output>
  </reporter-output>
  <suite name="Default suite" duration-ms="47729" started-at="2020-08-03T13:56:44 IST" finished-at="2020-08-03T13:57:32 IST">
    <groups>
    </groups>
    <test name="Default test" duration-ms="47729" started-at="2020-08-03T13:56:44 IST" finished-at="2020-08-03T13:57:32 IST">
      <class name="com.Testpackages.TestCaseClass">
        <test-method status="PASS" signature="beforeSuite()[pri:0, instance:com.Testpackages.TestCaseClass@3b088d51]" name="beforeSuite" is-config="true" duration-ms="9" started-at="2020-08-03T13:56:44 IST" finished-at="2020-08-03T13:56:44 IST">
          <reporter-output>
          </reporter-output>
        </test-method> <!-- beforeSuite -->
        <test-method status="PASS" signature="BeforeMethod()[pri:0, instance:com.Testpackages.TestCaseClass@3b088d51]" name="BeforeMethod" is-config="true" duration-ms="1699" started-at="2020-08-03T13:56:44 IST" finished-at="2020-08-03T13:56:46 IST">
          <reporter-output>
          </reporter-output>
        </test-method> <!-- BeforeMethod -->
        <test-method status="PASS" signature="beforeClass()[pri:0, instance:com.Testpackages.TestCaseClass@3b088d51]" name="beforeClass" is-config="true" duration-ms="0" started-at="2020-08-03T13:56:46 IST" finished-at="2020-08-03T13:56:46 IST">
          <reporter-output>
          </reporter-output>
        </test-method> <!-- beforeClass -->
        <test-method status="PASS" signature="Flipkart()[pri:0, instance:com.Testpackages.TestCaseClass@3b088d51]" name="Flipkart" duration-ms="46005" started-at="2020-08-03T13:56:46 IST" finished-at="2020-08-03T13:57:32 IST">
          <reporter-output>
          </reporter-output>
        </test-method> <!-- Flipkart -->
        <test-method status="PASS" signature="close()[pri:0, instance:com.Testpackages.TestCaseClass@3b088d51]" name="close" is-config="true" duration-ms="0" started-at="2020-08-03T13:57:32 IST" finished-at="2020-08-03T13:57:32 IST">
          <reporter-output>
          </reporter-output>
        </test-method> <!-- close -->
        <test-method status="PASS" signature="afterclass()[pri:0, instance:com.Testpackages.TestCaseClass@3b088d51]" name="afterclass" is-config="true" duration-ms="0" started-at="2020-08-03T13:57:32 IST" finished-at="2020-08-03T13:57:32 IST">
          <reporter-output>
          </reporter-output>
        </test-method> <!-- afterclass -->
        <test-method status="PASS" signature="aftersuite()[pri:0, instance:com.Testpackages.TestCaseClass@3b088d51]" name="aftersuite" is-config="true" duration-ms="114" started-at="2020-08-03T13:57:32 IST" finished-at="2020-08-03T13:57:32 IST">
          <reporter-output>
          </reporter-output>
        </test-method> <!-- aftersuite -->
      </class> <!-- com.Testpackages.TestCaseClass -->
    </test> <!-- Default test -->
  </suite> <!-- Default suite -->
</testng-results>
